;;; 
Export: Release 11.1.0.6.0 - 64bit Production on Monday, 24 October, 2011 14:24:31

Copyright (c) 2003, 2007, Oracle.  All rights reserved.
;;; 
Connected to: Oracle Database 11g Enterprise Edition Release 11.1.0.6.0 - 64bit Production
With the Partitioning, OLAP, Data Mining and Real Application Testing options
Starting "ADVANCE"."SYS_EXPORT_TABLE_01":  advance/********@giantchicken DIRECTORY=DATA_PUMP_DIR dumpfile=GiantChicken_a_ZZ_USER_TABLES.dmp tables=ZZ_USER,ZZ_USER_RIGHTS,ZZ_USER_PREF,ZZ_USER_ALIAS,ZZ_USER_GROUP logfile=export_zz_users.log 
Estimate in progress using BLOCKS method...
Processing object type TABLE_EXPORT/TABLE/TABLE_DATA
Total estimation using BLOCKS method: 320 KB
Processing object type TABLE_EXPORT/TABLE/TABLE
Processing object type TABLE_EXPORT/TABLE/INDEX/INDEX
Processing object type TABLE_EXPORT/TABLE/CONSTRAINT/CONSTRAINT
Processing object type TABLE_EXPORT/TABLE/INDEX/STATISTICS/INDEX_STATISTICS
Processing object type TABLE_EXPORT/TABLE/STATISTICS/TABLE_STATISTICS
. . exported "ADVANCE"."ZZ_USER"                         37.53 KB     106 rows
. . exported "ADVANCE"."ZZ_USER_ALIAS"                   9.062 KB      24 rows
. . exported "ADVANCE"."ZZ_USER_GROUP"                   6.960 KB       7 rows
. . exported "ADVANCE"."ZZ_USER_PREF"                     9.25 KB      39 rows
. . exported "ADVANCE"."ZZ_USER_RIGHTS"                  19.77 KB     313 rows
Master table "ADVANCE"."SYS_EXPORT_TABLE_01" successfully loaded/unloaded
******************************************************************************
Dump file set for ADVANCE.SYS_EXPORT_TABLE_01 is:
  D:\IMPORTS_EXPORTS\DATA_PUMP\GIANTCHICKEN_A_ZZ_USER_TABLES.DMP
Job "ADVANCE"."SYS_EXPORT_TABLE_01" successfully completed at 14:24:54
